c:\users\user\source\repos\demogame\x64\debug\d2dbasic.pdb
c:\users\user\source\repos\demogame\x64\debug\d2dbasic.idb
c:\users\user\source\repos\demogame\d2dbasic\x64\debug\d2dengine.obj
c:\users\user\source\repos\demogame\d2dbasic\x64\debug\d2dbasic.obj
c:\users\user\source\repos\demogame\x64\debug\d2dbasic.lib
c:\users\user\source\repos\demogame\d2dbasic\x64\debug\vc143.idb
c:\users\user\source\repos\demogame\d2dbasic\x64\debug\vc143.pdb
c:\users\user\source\repos\demogame\d2dbasic\x64\debug\d2dbasic.tlog\cl.command.1.tlog
c:\users\user\source\repos\demogame\d2dbasic\x64\debug\d2dbasic.tlog\cl.items.tlog
c:\users\user\source\repos\demogame\d2dbasic\x64\debug\d2dbasic.tlog\cl.read.1.tlog
c:\users\user\source\repos\demogame\d2dbasic\x64\debug\d2dbasic.tlog\cl.write.1.tlog
c:\users\user\source\repos\demogame\d2dbasic\x64\debug\d2dbasic.tlog\lib-link.read.1.tlog
c:\users\user\source\repos\demogame\d2dbasic\x64\debug\d2dbasic.tlog\lib-link.write.1.tlog
c:\users\user\source\repos\demogame\d2dbasic\x64\debug\d2dbasic.tlog\lib.command.1.tlog
c:\users\user\source\repos\demogame\d2dbasic\x64\debug\d2dbasic.tlog\link-cvtres.read.1.tlog
c:\users\user\source\repos\demogame\d2dbasic\x64\debug\d2dbasic.tlog\link-cvtres.write.1.tlog
c:\users\user\source\repos\demogame\d2dbasic\x64\debug\d2dbasic.tlog\link-rc.read.1.tlog
c:\users\user\source\repos\demogame\d2dbasic\x64\debug\d2dbasic.tlog\link-rc.write.1.tlog
c:\users\user\source\repos\demogame\d2dbasic\x64\debug\d2dbasic.tlog\link.command.1.tlog
c:\users\user\source\repos\demogame\d2dbasic\x64\debug\d2dbasic.tlog\link.read.1.tlog
c:\users\user\source\repos\demogame\d2dbasic\x64\debug\d2dbasic.tlog\link.read.2.tlog
c:\users\user\source\repos\demogame\d2dbasic\x64\debug\d2dbasic.tlog\link.read.3.tlog
c:\users\user\source\repos\demogame\d2dbasic\x64\debug\d2dbasic.tlog\link.read.4.tlog
c:\users\user\source\repos\demogame\d2dbasic\x64\debug\d2dbasic.tlog\link.read.5.tlog
c:\users\user\source\repos\demogame\d2dbasic\x64\debug\d2dbasic.tlog\link.read.6.tlog
c:\users\user\source\repos\demogame\d2dbasic\x64\debug\d2dbasic.tlog\link.write.1.tlog
